make --dry-run --always-make --keep-going --print-directory
find: /etc/cups/certs: Permission denied
make: root-config: Command not found
make: Entering directory `/Users/parshadkp/Library/CloudStorage/OneDrive-GeorgiaInstituteofTechnology/Georgia Tech/NASA Balloon/GrOptics-Otte'
Makefile:205: Makefile.depend: No such file or directory

make: Entering directory `/Users/parshadkp/Library/CloudStorage/OneDrive-GeorgiaInstituteofTechnology/Georgia Tech/NASA Balloon/GrOptics-Otte'
echo > Makefile.depend0 && makedepend -s "#DEPEND LIST DONT DELETE" -- -IROBAST-telescope_factory/include -I. -I./include -Y --  src/*.cpp  include/*.h -f Makefile.depend0 > /dev/null 2>&1 && sed "s/^[a-zA-Z0-9]*\//obj\//" Makefile.depend0 > Makefile.depend && rm -f Makefile.depend0
 
make: Leaving directory `/Users/parshadkp/Library/CloudStorage/OneDrive-GeorgiaInstituteofTechnology/Georgia Tech/NASA Balloon/GrOptics-Otte'
 
find: /etc/cups/certs: Permission denied

make: root-config: Command not found

make: Entering directory `/Users/parshadkp/Library/CloudStorage/OneDrive-GeorgiaInstituteofTechnology/Georgia Tech/NASA Balloon/GrOptics-Otte'

make: Entering directory `/Users/parshadkp/Library/CloudStorage/OneDrive-GeorgiaInstituteofTechnology/Georgia Tech/NASA Balloon/GrOptics-Otte'
echo     ready to copy robast edit files
cp ROBASTEditedFile/AOpticalComponent.cxx ROBAST-telescope_factory/src/.; 
touch ROBASTEditedFile/copyFile
cd ROBAST-telescope_factory; make;
echo    robast ready and waiting
 
echo "        Compiling src/grOptics.cpp ... "
c++ -IROBAST-telescope_factory/include -I. -I./include -c src/grOptics.cpp -o obj/grOptics.o
echo "Done"
echo "        Compiling src/GArrayTel.cpp ... "
c++ -IROBAST-telescope_factory/include -I. -I./include -c src/GArrayTel.cpp -o obj/GArrayTel.o
echo "Done"
echo "        Compiling src/GDCGeometry.cpp ... "
c++ -IROBAST-telescope_factory/include -I. -I./include -c src/GDCGeometry.cpp -o obj/GDCGeometry.o
echo "Done"
echo "        Compiling src/GDCRayTracer.cpp ... "
c++ -IROBAST-telescope_factory/include -I. -I./include -c src/GDCRayTracer.cpp -o obj/GDCRayTracer.o
echo "Done"
echo "        Compiling src/GDCTelescope.cpp ... "
c++ -IROBAST-telescope_factory/include -I. -I./include -c src/GDCTelescope.cpp -o obj/GDCTelescope.o
echo "Done"
echo "        Compiling src/GDCTelescopeFactory.cpp ... "
c++ -IROBAST-telescope_factory/include -I. -I./include -c src/GDCTelescopeFactory.cpp -o obj/GDCTelescopeFactory.o
echo "Done"
echo "        Compiling src/GDefinition.cpp ... "
c++ -IROBAST-telescope_factory/include -I. -I./include -c src/GDefinition.cpp -o obj/GDefinition.o
echo "Done"
echo "        Compiling src/GGeometryBase.cpp ... "
c++ -IROBAST-telescope_factory/include -I. -I./include -c src/GGeometryBase.cpp -o obj/GGeometryBase.o
echo "Done"
echo "        Compiling src/GOrderedGrid.cpp ... "
c++ -IROBAST-telescope_factory/include -I. -I./include -c src/GOrderedGrid.cpp -o obj/GOrderedGrid.o
echo "Done"
echo "        Compiling src/GPilot.cpp ... "
c++ -IROBAST-telescope_factory/include -I. -I./include -c src/GPilot.cpp -o obj/GPilot.o
echo "Done"
echo "        Compiling src/GRayTracerBase.cpp ... "
c++ -IROBAST-telescope_factory/include -I. -I./include -c src/GRayTracerBase.cpp -o obj/GRayTracerBase.o
echo "Done"
echo "        Compiling src/GReadDCStdBase.cpp ... "
c++ -IROBAST-telescope_factory/include -I. -I./include -c src/GReadDCStdBase.cpp -o obj/GReadDCStdBase.o
echo "Done"
echo "        Compiling src/GReadDCStdGrISU.cpp ... "
c++ -IROBAST-telescope_factory/include -I. -I./include -c src/GReadDCStdGrISU.cpp -o obj/GReadDCStdGrISU.o
echo "Done"
echo "        Compiling src/GReadPhotonBase.cpp ... "
c++ -IROBAST-telescope_factory/include -I. -I./include -c src/GReadPhotonBase.cpp -o obj/GReadPhotonBase.o
echo "Done"
echo "        Compiling src/GReadPhotonGrISU.cpp ... "
c++ -IROBAST-telescope_factory/include -I. -I./include -c src/GReadPhotonGrISU.cpp -o obj/GReadPhotonGrISU.o
echo "Done"
echo "        Compiling src/GReadSCStd.cpp ... "
c++ -IROBAST-telescope_factory/include -I. -I./include -c src/GReadSCStd.cpp -o obj/GReadSCStd.o
echo "Done"
echo "        Compiling src/GReadSegSCStd.cpp ... "
c++ -IROBAST-telescope_factory/include -I. -I./include -c src/GReadSegSCStd.cpp -o obj/GReadSegSCStd.o
echo "Done"
echo "        Compiling src/GRootDCNavigator.cpp ... "
c++ -IROBAST-telescope_factory/include -I. -I./include -c src/GRootDCNavigator.cpp -o obj/GRootDCNavigator.o
echo "Done"
echo "        Compiling src/GRootWriter.cpp ... "
c++ -IROBAST-telescope_factory/include -I. -I./include -c src/GRootWriter.cpp -o obj/GRootWriter.o
echo "Done"
echo "        Compiling src/GSCTelescope.cpp ... "
c++ -IROBAST-telescope_factory/include -I. -I./include -c src/GSCTelescope.cpp -o obj/GSCTelescope.o
echo "Done"
echo "        Compiling src/GSCTelescopeFactory.cpp ... "
c++ -IROBAST-telescope_factory/include -I. -I./include -c src/GSCTelescopeFactory.cpp -o obj/GSCTelescopeFactory.o
echo "Done"
echo "        Compiling src/GSegSCTelescope.cpp ... "
c++ -IROBAST-telescope_factory/include -I. -I./include -c src/GSegSCTelescope.cpp -o obj/GSegSCTelescope.o
echo "Done"
echo "        Compiling src/GSegSCTelescopeFactory.cpp ... "
c++ -IROBAST-telescope_factory/include -I. -I./include -c src/GSegSCTelescopeFactory.cpp -o obj/GSegSCTelescopeFactory.o
echo "Done"
 
echo "        Compiling src/GSegmentedMirror.cpp ... "
c++ -IROBAST-telescope_factory/include -I. -I./include -c src/GSegmentedMirror.cpp -o obj/GSegmentedMirror.o
echo "Done"
echo "        Compiling src/GSegmentedObscuration.cpp ... "
c++ -IROBAST-telescope_factory/include -I. -I./include -c src/GSegmentedObscuration.cpp -o obj/GSegmentedObscuration.o
echo "Done"
echo "        Compiling src/GSimulateOptics.cpp ... "
c++ -IROBAST-telescope_factory/include -I. -I./include -c src/GSimulateOptics.cpp -o obj/GSimulateOptics.o
echo "Done"
echo "        Compiling src/GTelescope.cpp ... "
c++ -IROBAST-telescope_factory/include -I. -I./include -c src/GTelescope.cpp -o obj/GTelescope.o
echo "Done"
echo "        Compiling src/GTelescopeFactory.cpp ... "
c++ -IROBAST-telescope_factory/include -I. -I./include -c src/GTelescopeFactory.cpp -o obj/GTelescopeFactory.o
echo "Done"
echo "        Compiling src/GUtilityFuncts.cpp ... "
c++ -IROBAST-telescope_factory/include -I. -I./include -c src/GUtilityFuncts.cpp -o obj/GUtilityFuncts.o
echo "Done"
echo "Generating GrOpticsDict dictionary include/GRootWriter.h ... "
rootcint -v -f src/GrOpticsDict.cpp -c  include/GRootWriter.h include/LinkDef.h
echo "rootcint SHELL mv src/GRootWriterDict.h include/."
cp src/GrOpticsDict.h  include/.
echo "Done"
echo "        Compiling src/GrOpticsDict.cpp ... "
c++ -IROBAST-telescope_factory/include -I. -I./include -c src/GrOpticsDict.cpp -o obj/GrOpticsDict.o
echo "Done"
echo "building grOptics"
ld -LROBAST-telescope_factory -lMinuit -lTreePlayer -lGenVector   -lGeomBuilder  -lGeomPainter  -lGeom -lGed -lROBAST obj/grOptics.o obj/GArrayTel.o obj/GDCGeometry.o obj/GDCRayTracer.o obj/GDCTelescope.o obj/GDCTelescopeFactory.o obj/GDefinition.o obj/GGeometryBase.o obj/GOrderedGrid.o obj/GPilot.o obj/GRayTracerBase.o obj/GReadDCStdBase.o obj/GReadDCStdGrISU.o obj/GReadPhotonBase.o obj/GReadPhotonGrISU.o obj/GReadSCStd.o obj/GReadSegSCStd.o obj/GRootDCNavigator.o obj/GRootWriter.o obj/GSCTelescope.o obj/GSCTelescopeFactory.o obj/GSegSCTelescope.o obj/GSegSCTelescopeFactory.o obj/GSegmentedMirror.o obj/GSegmentedObscuration.o obj/GSimulateOptics.o obj/GTelescope.o obj/GTelescopeFactory.o obj/GUtilityFuncts.o obj/GrOpticsDict.o  grOptics
make: Leaving directory `/Users/parshadkp/Library/CloudStorage/OneDrive-GeorgiaInstituteofTechnology/Georgia Tech/NASA Balloon/GrOptics-Otte'
 
